<?xml version="1.0" encoding="UTF-8"?>
<testng-results ignored="0" total="1" passed="1" failed="0" skipped="0">
  <reporter-output>
  </reporter-output>
  <suite started-at="2025-05-23T12:42:12 IST" name="Suite" finished-at="2025-05-23T12:42:39 IST" duration-ms="27480">
    <groups>
    </groups>
    <test started-at="2025-05-23T12:42:12 IST" name="Test" finished-at="2025-05-23T12:42:39 IST" duration-ms="27480">
      <class name="parabank.tests.ParabankFlowTest">
        <test-method is-config="true" signature="setUp()[pri:0, instance:parabank.tests.ParabankFlowTest@70dd7e15]" started-at="2025-05-23T12:42:12 IST" name="setUp" finished-at="2025-05-23T12:42:20 IST" duration-ms="7939" status="PASS">
          <reporter-output>
          </reporter-output>
        </test-method> <!-- setUp -->
        <test-method signature="loginAndTransferFundsTest()[pri:0, instance:parabank.tests.ParabankFlowTest@70dd7e15]" started-at="2025-05-23T12:42:20 IST" name="loginAndTransferFundsTest" finished-at="2025-05-23T12:42:35 IST" duration-ms="15343" status="PASS">
          <reporter-output>
          </reporter-output>
        </test-method> <!-- loginAndTransferFundsTest -->
        <test-method is-config="true" signature="tearDown()[pri:0, instance:parabank.tests.ParabankFlowTest@70dd7e15]" started-at="2025-05-23T12:42:35 IST" name="tearDown" finished-at="2025-05-23T12:42:39 IST" duration-ms="4131" status="PASS">
          <reporter-output>
          </reporter-output>
        </test-method> <!-- tearDown -->
      </class> <!-- parabank.tests.ParabankFlowTest -->
    </test> <!-- Test -->
  </suite> <!-- Suite -->
</testng-results>
