<?xml version="1.0" encoding="UTF-8"?>
<testng-results ignored="0" total="3" passed="3" failed="0" skipped="0">
  <reporter-output>
  </reporter-output>
  <suite started-at="2025-05-23T12:35:44 IST" name="Suite" finished-at="2025-05-23T12:36:18 IST" duration-ms="33828">
    <groups>
    </groups>
    <test started-at="2025-05-23T12:35:44 IST" name="Test" finished-at="2025-05-23T12:36:18 IST" duration-ms="33828">
      <class name="Sauce_Demo_Automation.SauceDemoTest">
        <test-method is-config="true" signature="setupClass()[pri:0, instance:Sauce_Demo_Automation.SauceDemoTest@2b62442c]" started-at="2025-05-23T12:35:44 IST" name="setupClass" finished-at="2025-05-23T12:35:58 IST" duration-ms="14321" status="PASS">
          <reporter-output>
          </reporter-output>
        </test-method> <!-- setupClass -->
        <test-method signature="verifyHomePageTitle()[pri:1, instance:Sauce_Demo_Automation.SauceDemoTest@2b62442c]" started-at="2025-05-23T12:35:58 IST" name="verifyHomePageTitle" finished-at="2025-05-23T12:36:05 IST" duration-ms="6054" status="PASS">
          <reporter-output>
          </reporter-output>
        </test-method> <!-- verifyHomePageTitle -->
        <test-method signature="verifyProductItemsDisplayed()[pri:2, instance:Sauce_Demo_Automation.SauceDemoTest@2b62442c]" started-at="2025-05-23T12:36:05 IST" name="verifyProductItemsDisplayed" finished-at="2025-05-23T12:36:08 IST" duration-ms="3044" status="PASS">
          <reporter-output>
          </reporter-output>
        </test-method> <!-- verifyProductItemsDisplayed -->
        <test-method signature="addProductToCartAndVerify()[pri:3, instance:Sauce_Demo_Automation.SauceDemoTest@2b62442c]" started-at="2025-05-23T12:36:08 IST" name="addProductToCartAndVerify" finished-at="2025-05-23T12:36:14 IST" duration-ms="6129" status="PASS">
          <reporter-output>
          </reporter-output>
        </test-method> <!-- addProductToCartAndVerify -->
        <test-method is-config="true" signature="tearDown()[pri:0, instance:Sauce_Demo_Automation.SauceDemoTest@2b62442c]" started-at="2025-05-23T12:36:14 IST" name="tearDown" finished-at="2025-05-23T12:36:18 IST" duration-ms="4205" status="PASS">
          <reporter-output>
          </reporter-output>
        </test-method> <!-- tearDown -->
      </class> <!-- Sauce_Demo_Automation.SauceDemoTest -->
    </test> <!-- Test -->
  </suite> <!-- Suite -->
</testng-results>
